<?xml version="1.0" encoding="UTF-8"?>
<testng-results total="1" passed="1" failed="0" skipped="0">
  <reporter-output>
  </reporter-output>
  <suite started-at="2020-07-13T13:00:44Z" name="Default suite" finished-at="2020-07-13T13:01:21Z" duration-ms="36945">
    <groups>
    </groups>
    <test started-at="2020-07-13T13:00:44Z" name="Default test" finished-at="2020-07-13T13:01:21Z" duration-ms="36945">
      <class name="advertiser_testcases.Audience">
        <test-method is-config="true" signature="set_up()[pri:0, instance:advertiser_testcases.Audience@34b9f960]" started-at="2020-07-13T18:30:44Z" name="set_up" finished-at="2020-07-13T18:30:50Z" duration-ms="5937" status="PASS">
          <reporter-output>
          </reporter-output>
        </test-method> <!-- set_up -->
        <test-method signature="createAudience()[pri:0, instance:advertiser_testcases.Audience@34b9f960]" started-at="2020-07-13T18:30:50Z" name="createAudience" finished-at="2020-07-13T18:31:21Z" duration-ms="30996" status="PASS">
          <reporter-output>
          </reporter-output>
        </test-method> <!-- createAudience -->
        <test-method is-config="true" signature="teardown()[pri:0, instance:advertiser_testcases.Audience@34b9f960]" started-at="2020-07-13T18:31:21Z" name="teardown" finished-at="2020-07-13T18:31:21Z" duration-ms="0" status="PASS">
          <reporter-output>
          </reporter-output>
        </test-method> <!-- teardown -->
      </class> <!-- advertiser_testcases.Audience -->
    </test> <!-- Default test -->
  </suite> <!-- Default suite -->
</testng-results>
