<?xml version="1.0" encoding="UTF-8"?>
<testng-results total="1" passed="1" failed="0" skipped="0">
  <reporter-output>
  </reporter-output>
  <suite started-at="2020-07-27T09:26:22Z" name="Default suite" finished-at="2020-07-27T09:27:35Z" duration-ms="73002">
    <groups>
    </groups>
    <test started-at="2020-07-27T09:26:22Z" name="Default test" finished-at="2020-07-27T09:27:35Z" duration-ms="73002">
      <class name="advertiser_testcases.Add_Campaign">
        <test-method is-config="true" signature="set_up()[pri:0, instance:advertiser_testcases.Add_Campaign@102cec62]" started-at="2020-07-27T14:56:22Z" name="set_up" finished-at="2020-07-27T14:56:28Z" duration-ms="5756" status="PASS">
          <reporter-output>
          </reporter-output>
        </test-method> <!-- set_up -->
        <test-method signature="newCampaign()[pri:0, instance:advertiser_testcases.Add_Campaign@102cec62]" started-at="2020-07-27T14:56:28Z" name="newCampaign" finished-at="2020-07-27T14:57:35Z" duration-ms="67235" status="PASS">
          <reporter-output>
          </reporter-output>
        </test-method> <!-- newCampaign -->
      </class> <!-- advertiser_testcases.Add_Campaign -->
    </test> <!-- Default test -->
  </suite> <!-- Default suite -->
</testng-results>
